<?xml version="1.0" encoding="UTF-8"?>
<!-- Generated by org.testng.reporters.JUnitReportReporter -->
<testsuite hostname="DESKTOP-MAHADEV" failures="0" tests="5" name="com.spotify.oauth2.test.PlayListTest" time="17.534" errors="0" timestamp="2023-07-28T14:55:44 IST" skipped="0">
  <testcase classname="com.spotify.oauth2.test.PlayListTest" name="shouldNotcreatePlaylistWith_expiredToken" time="1.540"/>
  <system-out/>
  <testcase classname="com.spotify.oauth2.test.PlayListTest" name="shouldNotcreatePlaylist" time="0.530"/>
  <system-out/>
  <testcase classname="com.spotify.oauth2.test.PlayListTest" name="updatePlayList" time="0.608"/>
  <system-out/>
  <testcase classname="com.spotify.oauth2.test.PlayListTest" name="getPlayList" time="0.911"/>
  <system-out/>
  <testcase classname="com.spotify.oauth2.test.PlayListTest" name="createPlaylist" time="13.945"/>
  <system-out/>
</testsuite> <!-- com.spotify.oauth2.test.PlayListTest -->
